<?xml version="1.0" encoding="UTF-8" ?>
<testsuite failures="0" time="0.113" errors="0" skipped="0" tests="5" name="org.marssa.footprint.tests.ADistanceTest">
  <properties>
[...]
</properties>
  <testcase time="0.112" classname="org.marssa.footprint.tests.ADistanceTest" name="testGetKM"/>
  <testcase time="0" classname="org.marssa.footprint.tests.ADistanceTest" name="testGetMiles"/>
  <testcase time="0" classname="org.marssa.footprint.tests.ADistanceTest" name="testGetNM"/>
  <testcase time="0" classname="org.marssa.footprint.tests.ADistanceTest" name="testGetMetres"/>
  <testcase time="0.001" classname="org.marssa.footprint.tests.ADistanceTest" name="testGetFathoms"/>
</testsuite>